# Logfile created on 2014-01-20 12:35:58 +0100 by logger.rb/44203
I, [2014-01-20T12:35:58.051740 #69615]  INFO -- : 2:  blankslate (2.1.2.4) from /Users/otobrglez/.rvm/gems/ruby-2.1.0@otobrglez/specifications/blankslate-2.1.2.4.gemspec
I, [2014-01-20T12:35:58.059672 #69619]  INFO -- : 6:  colorator (0.1) from /Users/otobrglez/.rvm/gems/ruby-2.1.0@otobrglez/specifications/colorator-0.1.gemspec
I, [2014-01-20T12:35:58.159289 #69620]  INFO -- : 7:  liquid (2.5.5) from /Users/otobrglez/.rvm/gems/ruby-2.1.0@otobrglez/specifications/liquid-2.5.5.gemspec
I, [2014-01-20T12:35:58.282765 #69618]  INFO -- : 5:  rb-fsevent (0.9.4) from /Users/otobrglez/.rvm/gems/ruby-2.1.0@otobrglez/specifications/rb-fsevent-0.9.4.gemspec
I, [2014-01-20T12:35:58.411911 #69613]  INFO -- : 0:  maruku (0.7.1) from /Users/otobrglez/.rvm/gems/ruby-2.1.0@otobrglez/specifications/maruku-0.7.1.gemspec
I, [2014-01-20T12:35:58.412742 #69613]  INFO -- : 0:  bundler (1.5.1) from /Users/otobrglez/.rvm/gems/ruby-2.1.0@global/specifications/bundler-1.5.1.gemspec
I, [2014-01-20T12:35:58.471096 #69614]  INFO -- : 1:  highline (1.6.20) from /Users/otobrglez/.rvm/gems/ruby-2.1.0@otobrglez/specifications/highline-1.6.20.gemspec
I, [2014-01-20T12:35:58.810044 #69617]  INFO -- : 4:  fast-stemmer (1.0.2) from /Users/otobrglez/.rvm/gems/ruby-2.1.0@otobrglez/specifications/fast-stemmer-1.0.2.gemspec
I, [2014-01-20T12:35:59.543870 #69615]  INFO -- : 2:  posix-spawn (0.3.8) from /Users/otobrglez/.rvm/gems/ruby-2.1.0@otobrglez/specifications/posix-spawn-0.3.8.gemspec
I, [2014-01-20T12:35:59.658200 #69618]  INFO -- : 5:  safe_yaml (0.9.7) from /Users/otobrglez/.rvm/gems/ruby-2.1.0@otobrglez/specifications/safe_yaml-0.9.7.gemspec
I, [2014-01-20T12:35:59.729259 #69614]  INFO -- : 1:  commander (4.1.5) from /Users/otobrglez/.rvm/gems/ruby-2.1.0@otobrglez/specifications/commander-4.1.5.gemspec
I, [2014-01-20T12:35:59.817123 #69613]  INFO -- : 0:  parslet (1.5.0) from /Users/otobrglez/.rvm/gems/ruby-2.1.0@otobrglez/specifications/parslet-1.5.0.gemspec
I, [2014-01-20T12:36:00.077293 #69617]  INFO -- : 4:  classifier (1.3.4) from /Users/otobrglez/.rvm/gems/ruby-2.1.0@otobrglez/specifications/classifier-1.3.4.gemspec
I, [2014-01-20T12:36:00.696790 #69619]  INFO -- : 6:  yajl-ruby (1.1.0) from /Users/otobrglez/.rvm/gems/ruby-2.1.0@otobrglez/specifications/yajl-ruby-1.1.0.gemspec
I, [2014-01-20T12:36:00.817224 #69620]  INFO -- : 7:  redcarpet (2.3.0) from /Users/otobrglez/.rvm/gems/ruby-2.1.0@otobrglez/specifications/redcarpet-2.3.0.gemspec
I, [2014-01-20T12:36:01.150570 #69615]  INFO -- : 2:  toml (0.1.0) from /Users/otobrglez/.rvm/gems/ruby-2.1.0@otobrglez/specifications/toml-0.1.0.gemspec
I, [2014-01-20T12:36:02.462896 #69616]  INFO -- : 3:  ffi (1.9.3) from /Users/otobrglez/.rvm/gems/ruby-2.1.0@otobrglez/specifications/ffi-1.9.3.gemspec
I, [2014-01-20T12:36:03.507460 #69618]  INFO -- : 5:  pygments.rb (0.5.4) from /Users/otobrglez/.rvm/gems/ruby-2.1.0@otobrglez/specifications/pygments.rb-0.5.4.gemspec
I, [2014-01-20T12:36:03.670176 #69614]  INFO -- : 1:  rb-inotify (0.9.3) from /Users/otobrglez/.rvm/gems/ruby-2.1.0@otobrglez/specifications/rb-inotify-0.9.3.gemspec
I, [2014-01-20T12:36:03.755499 #69613]  INFO -- : 0:  rb-kqueue (0.2.0) from /Users/otobrglez/.rvm/gems/ruby-2.1.0@otobrglez/specifications/rb-kqueue-0.2.0.gemspec
I, [2014-01-20T12:36:05.121586 #69617]  INFO -- : 4:  listen (1.3.1) from /Users/otobrglez/.rvm/gems/ruby-2.1.0@otobrglez/specifications/listen-1.3.1.gemspec
I, [2014-01-20T12:36:07.522126 #69619]  INFO -- : 6:  jekyll (1.4.3) from /Users/otobrglez/.rvm/gems/ruby-2.1.0@otobrglez/specifications/jekyll-1.4.3.gemspec
I, [2014-01-20T12:37:04.373793 #70654]  INFO -- : 2:  maruku (0.7.1) from /Users/otobrglez/.rvm/gems/ruby-2.1.0@otobrglez/specifications/maruku-0.7.1.gemspec
I, [2014-01-20T12:37:04.373793 #70657]  INFO -- : 5:  fast-stemmer (1.0.2) from /Users/otobrglez/.rvm/gems/ruby-2.1.0@otobrglez/specifications/fast-stemmer-1.0.2.gemspec
I, [2014-01-20T12:37:04.374014 #70655]  INFO -- : 3:  blankslate (2.1.2.4) from /Users/otobrglez/.rvm/gems/ruby-2.1.0@otobrglez/specifications/blankslate-2.1.2.4.gemspec
I, [2014-01-20T12:37:04.374033 #70658]  INFO -- : 6:  liquid (2.5.5) from /Users/otobrglez/.rvm/gems/ruby-2.1.0@otobrglez/specifications/liquid-2.5.5.gemspec
I, [2014-01-20T12:37:04.374165 #70659]  INFO -- : 7:  colorator (0.1) from /Users/otobrglez/.rvm/gems/ruby-2.1.0@otobrglez/specifications/colorator-0.1.gemspec
I, [2014-01-20T12:37:04.374657 #70656]  INFO -- : 4:  rb-fsevent (0.9.4) from /Users/otobrglez/.rvm/gems/ruby-2.1.0@otobrglez/specifications/rb-fsevent-0.9.4.gemspec
I, [2014-01-20T12:37:04.375004 #70657]  INFO -- : 5:  posix-spawn (0.3.8) from /Users/otobrglez/.rvm/gems/ruby-2.1.0@otobrglez/specifications/posix-spawn-0.3.8.gemspec
I, [2014-01-20T12:37:04.375249 #70654]  INFO -- : 2:  yajl-ruby (1.1.0) from /Users/otobrglez/.rvm/gems/ruby-2.1.0@otobrglez/specifications/yajl-ruby-1.1.0.gemspec
I, [2014-01-20T12:37:04.375482 #70655]  INFO -- : 3:  redcarpet (2.3.0) from /Users/otobrglez/.rvm/gems/ruby-2.1.0@otobrglez/specifications/redcarpet-2.3.0.gemspec
I, [2014-01-20T12:37:04.375620 #70659]  INFO -- : 7:  safe_yaml (0.9.7) from /Users/otobrglez/.rvm/gems/ruby-2.1.0@otobrglez/specifications/safe_yaml-0.9.7.gemspec
I, [2014-01-20T12:37:04.375755 #70656]  INFO -- : 4:  bundler (1.5.1) from /Users/otobrglez/.rvm/gems/ruby-2.1.0@global/specifications/bundler-1.5.1.gemspec
I, [2014-01-20T12:37:04.375821 #70658]  INFO -- : 6:  classifier (1.3.4) from /Users/otobrglez/.rvm/gems/ruby-2.1.0@otobrglez/specifications/classifier-1.3.4.gemspec
I, [2014-01-20T12:37:04.376093 #70657]  INFO -- : 5:  parslet (1.5.0) from /Users/otobrglez/.rvm/gems/ruby-2.1.0@otobrglez/specifications/parslet-1.5.0.gemspec
I, [2014-01-20T12:37:04.376286 #70654]  INFO -- : 2:  pygments.rb (0.5.4) from /Users/otobrglez/.rvm/gems/ruby-2.1.0@otobrglez/specifications/pygments.rb-0.5.4.gemspec
I, [2014-01-20T12:37:04.376640 #70653]  INFO -- : 1:  highline (1.6.20) from /Users/otobrglez/.rvm/gems/ruby-2.1.0@otobrglez/specifications/highline-1.6.20.gemspec
I, [2014-01-20T12:37:04.377043 #70654]  INFO -- : 2:  toml (0.1.0) from /Users/otobrglez/.rvm/gems/ruby-2.1.0@otobrglez/specifications/toml-0.1.0.gemspec
I, [2014-01-20T12:37:04.377054 #70652]  INFO -- : 0:  ffi (1.9.3) from /Users/otobrglez/.rvm/gems/ruby-2.1.0@otobrglez/specifications/ffi-1.9.3.gemspec
I, [2014-01-20T12:37:04.377390 #70659]  INFO -- : 7:  commander (4.1.5) from /Users/otobrglez/.rvm/gems/ruby-2.1.0@otobrglez/specifications/commander-4.1.5.gemspec
I, [2014-01-20T12:37:04.377860 #70658]  INFO -- : 6:  rb-inotify (0.9.3) from /Users/otobrglez/.rvm/gems/ruby-2.1.0@otobrglez/specifications/rb-inotify-0.9.3.gemspec
I, [2014-01-20T12:37:04.377909 #70656]  INFO -- : 4:  rb-kqueue (0.2.0) from /Users/otobrglez/.rvm/gems/ruby-2.1.0@otobrglez/specifications/rb-kqueue-0.2.0.gemspec
I, [2014-01-20T12:37:04.378603 #70657]  INFO -- : 5:  listen (1.3.1) from /Users/otobrglez/.rvm/gems/ruby-2.1.0@otobrglez/specifications/listen-1.3.1.gemspec
I, [2014-01-20T12:37:04.379233 #70655]  INFO -- : 3:  jekyll (1.4.3) from /Users/otobrglez/.rvm/gems/ruby-2.1.0@otobrglez/specifications/jekyll-1.4.3.gemspec
I, [2014-01-20T12:41:42.059158 #70898]  INFO -- : 2:  blankslate (2.1.2.4) from /Users/otobrglez/.rvm/gems/ruby-2.1.0@otobrglez/specifications/blankslate-2.1.2.4.gemspec
I, [2014-01-20T12:41:42.060624 #70902]  INFO -- : 6:  colorator (0.1) from /Users/otobrglez/.rvm/gems/ruby-2.1.0@otobrglez/specifications/colorator-0.1.gemspec
I, [2014-01-20T12:41:42.060611 #70901]  INFO -- : 5:  liquid (2.5.5) from /Users/otobrglez/.rvm/gems/ruby-2.1.0@otobrglez/specifications/liquid-2.5.5.gemspec
I, [2014-01-20T12:41:42.060611 #70897]  INFO -- : 1:  highline (1.6.20) from /Users/otobrglez/.rvm/gems/ruby-2.1.0@otobrglez/specifications/highline-1.6.20.gemspec
I, [2014-01-20T12:41:42.060797 #70899]  INFO -- : 3:  rb-fsevent (0.9.4) from /Users/otobrglez/.rvm/gems/ruby-2.1.0@otobrglez/specifications/rb-fsevent-0.9.4.gemspec
I, [2014-01-20T12:41:42.060965 #70903]  INFO -- : 7:  maruku (0.7.1) from /Users/otobrglez/.rvm/gems/ruby-2.1.0@otobrglez/specifications/maruku-0.7.1.gemspec
I, [2014-01-20T12:41:42.061823 #70898]  INFO -- : 2:  posix-spawn (0.3.8) from /Users/otobrglez/.rvm/gems/ruby-2.1.0@otobrglez/specifications/posix-spawn-0.3.8.gemspec
I, [2014-01-20T12:41:42.061772 #70900]  INFO -- : 4:  fast-stemmer (1.0.2) from /Users/otobrglez/.rvm/gems/ruby-2.1.0@otobrglez/specifications/fast-stemmer-1.0.2.gemspec
I, [2014-01-20T12:41:42.062581 #70902]  INFO -- : 6:  yajl-ruby (1.1.0) from /Users/otobrglez/.rvm/gems/ruby-2.1.0@otobrglez/specifications/yajl-ruby-1.1.0.gemspec
I, [2014-01-20T12:41:42.062806 #70897]  INFO -- : 1:  redcarpet (2.3.0) from /Users/otobrglez/.rvm/gems/ruby-2.1.0@otobrglez/specifications/redcarpet-2.3.0.gemspec
I, [2014-01-20T12:41:42.063027 #70901]  INFO -- : 5:  safe_yaml (0.9.7) from /Users/otobrglez/.rvm/gems/ruby-2.1.0@otobrglez/specifications/safe_yaml-0.9.7.gemspec
I, [2014-01-20T12:41:42.063469 #70899]  INFO -- : 3:  bundler (1.5.1) from /Users/otobrglez/.rvm/gems/ruby-2.1.0@global/specifications/bundler-1.5.1.gemspec
I, [2014-01-20T12:41:42.063677 #70902]  INFO -- : 6:  parslet (1.5.0) from /Users/otobrglez/.rvm/gems/ruby-2.1.0@otobrglez/specifications/parslet-1.5.0.gemspec
I, [2014-01-20T12:41:42.064124 #70900]  INFO -- : 4:  commander (4.1.5) from /Users/otobrglez/.rvm/gems/ruby-2.1.0@otobrglez/specifications/commander-4.1.5.gemspec
I, [2014-01-20T12:41:42.064230 #70901]  INFO -- : 5:  classifier (1.3.4) from /Users/otobrglez/.rvm/gems/ruby-2.1.0@otobrglez/specifications/classifier-1.3.4.gemspec
I, [2014-01-20T12:41:42.064773 #70902]  INFO -- : 6:  toml (0.1.0) from /Users/otobrglez/.rvm/gems/ruby-2.1.0@otobrglez/specifications/toml-0.1.0.gemspec
I, [2014-01-20T12:41:42.064800 #70898]  INFO -- : 2:  pygments.rb (0.5.4) from /Users/otobrglez/.rvm/gems/ruby-2.1.0@otobrglez/specifications/pygments.rb-0.5.4.gemspec
I, [2014-01-20T12:41:42.066060 #70896]  INFO -- : 0:  ffi (1.9.3) from /Users/otobrglez/.rvm/gems/ruby-2.1.0@otobrglez/specifications/ffi-1.9.3.gemspec
I, [2014-01-20T12:41:42.067573 #70897]  INFO -- : 1:  rb-inotify (0.9.3) from /Users/otobrglez/.rvm/gems/ruby-2.1.0@otobrglez/specifications/rb-inotify-0.9.3.gemspec
I, [2014-01-20T12:41:42.067701 #70903]  INFO -- : 7:  rb-kqueue (0.2.0) from /Users/otobrglez/.rvm/gems/ruby-2.1.0@otobrglez/specifications/rb-kqueue-0.2.0.gemspec
I, [2014-01-20T12:41:42.068464 #70901]  INFO -- : 5:  listen (1.3.1) from /Users/otobrglez/.rvm/gems/ruby-2.1.0@otobrglez/specifications/listen-1.3.1.gemspec
I, [2014-01-20T12:41:42.069131 #70898]  INFO -- : 2:  jekyll (1.4.3) from /Users/otobrglez/.rvm/gems/ruby-2.1.0@otobrglez/specifications/jekyll-1.4.3.gemspec
I, [2014-01-20T13:20:51.261427 #72533]  INFO -- : 0:  maruku (0.7.1) from /Users/otobrglez/.rvm/gems/ruby-2.1.0@otobrglez/specifications/maruku-0.7.1.gemspec
I, [2014-01-20T13:20:51.261444 #72540]  INFO -- : 7:  liquid (2.5.5) from /Users/otobrglez/.rvm/gems/ruby-2.1.0@otobrglez/specifications/liquid-2.5.5.gemspec
I, [2014-01-20T13:20:51.261874 #72535]  INFO -- : 2:  blankslate (2.1.2.4) from /Users/otobrglez/.rvm/gems/ruby-2.1.0@otobrglez/specifications/blankslate-2.1.2.4.gemspec
I, [2014-01-20T13:20:51.261591 #72539]  INFO -- : 6:  colorator (0.1) from /Users/otobrglez/.rvm/gems/ruby-2.1.0@otobrglez/specifications/colorator-0.1.gemspec
I, [2014-01-20T13:20:51.261427 #72536]  INFO -- : 3:  ffi (1.9.3) from /Users/otobrglez/.rvm/gems/ruby-2.1.0@otobrglez/specifications/ffi-1.9.3.gemspec
I, [2014-01-20T13:20:51.262691 #72537]  INFO -- : 4:  fast-stemmer (1.0.2) from /Users/otobrglez/.rvm/gems/ruby-2.1.0@otobrglez/specifications/fast-stemmer-1.0.2.gemspec
I, [2014-01-20T13:20:51.262947 #72534]  INFO -- : 1:  highline (1.6.20) from /Users/otobrglez/.rvm/gems/ruby-2.1.0@otobrglez/specifications/highline-1.6.20.gemspec
I, [2014-01-20T13:20:51.263289 #72538]  INFO -- : 5:  rb-fsevent (0.9.4) from /Users/otobrglez/.rvm/gems/ruby-2.1.0@otobrglez/specifications/rb-fsevent-0.9.4.gemspec
I, [2014-01-20T13:20:51.263974 #72536]  INFO -- : 3:  posix-spawn (0.3.8) from /Users/otobrglez/.rvm/gems/ruby-2.1.0@otobrglez/specifications/posix-spawn-0.3.8.gemspec
I, [2014-01-20T13:20:51.264124 #72539]  INFO -- : 6:  redcarpet (2.3.0) from /Users/otobrglez/.rvm/gems/ruby-2.1.0@otobrglez/specifications/redcarpet-2.3.0.gemspec
I, [2014-01-20T13:20:51.264531 #72537]  INFO -- : 4:  yajl-ruby (1.1.0) from /Users/otobrglez/.rvm/gems/ruby-2.1.0@otobrglez/specifications/yajl-ruby-1.1.0.gemspec
I, [2014-01-20T13:20:51.264986 #72535]  INFO -- : 2:  safe_yaml (0.9.7) from /Users/otobrglez/.rvm/gems/ruby-2.1.0@otobrglez/specifications/safe_yaml-0.9.7.gemspec
I, [2014-01-20T13:20:51.265816 #72538]  INFO -- : 5:  bundler (1.5.1) from /Users/otobrglez/.rvm/gems/ruby-2.1.0@global/specifications/bundler-1.5.1.gemspec
I, [2014-01-20T13:20:51.266080 #72540]  INFO -- : 7:  rb-kqueue (0.2.0) from /Users/otobrglez/.rvm/gems/ruby-2.1.0@otobrglez/specifications/rb-kqueue-0.2.0.gemspec
I, [2014-01-20T13:20:51.266060 #72537]  INFO -- : 4:  rb-inotify (0.9.3) from /Users/otobrglez/.rvm/gems/ruby-2.1.0@otobrglez/specifications/rb-inotify-0.9.3.gemspec
I, [2014-01-20T13:20:51.266253 #72536]  INFO -- : 3:  classifier (1.3.4) from /Users/otobrglez/.rvm/gems/ruby-2.1.0@otobrglez/specifications/classifier-1.3.4.gemspec
I, [2014-01-20T13:20:51.266276 #72539]  INFO -- : 6:  parslet (1.5.0) from /Users/otobrglez/.rvm/gems/ruby-2.1.0@otobrglez/specifications/parslet-1.5.0.gemspec
I, [2014-01-20T13:20:51.266752 #72535]  INFO -- : 2:  pygments.rb (0.5.4) from /Users/otobrglez/.rvm/gems/ruby-2.1.0@otobrglez/specifications/pygments.rb-0.5.4.gemspec
I, [2014-01-20T13:20:51.266680 #72533]  INFO -- : 0:  commander (4.1.5) from /Users/otobrglez/.rvm/gems/ruby-2.1.0@otobrglez/specifications/commander-4.1.5.gemspec
I, [2014-01-20T13:20:51.267459 #72537]  INFO -- : 4:  toml (0.1.0) from /Users/otobrglez/.rvm/gems/ruby-2.1.0@otobrglez/specifications/toml-0.1.0.gemspec
I, [2014-01-20T13:20:51.267544 #72536]  INFO -- : 3:  listen (1.3.1) from /Users/otobrglez/.rvm/gems/ruby-2.1.0@otobrglez/specifications/listen-1.3.1.gemspec
I, [2014-01-20T13:20:51.268678 #72540]  INFO -- : 7:  jekyll (1.4.3) from /Users/otobrglez/.rvm/gems/ruby-2.1.0@otobrglez/specifications/jekyll-1.4.3.gemspec
I, [2014-01-20T13:20:53.035253 #72534]  INFO -- : 1:  jekyll-utf8 (0.0.1) from /Users/otobrglez/.rvm/gems/ruby-2.1.0@otobrglez/specifications/jekyll-utf8-0.0.1.gemspec
